<?xml version="1.0" encoding="UTF-8"?>
<testsuite xmlns:xsi="http://www.w3.org/2001/XMLSchema-instance" xsi:noNamespaceSchemaLocation="https://maven.apache.org/surefire/maven-surefire-plugin/xsd/surefire-test-report.xsd" name="consumption.energy.tests.ConsumptionServiceImplTest" time="1.799" tests="2" errors="0" skipped="0" failures="0">
  <properties>
[...]
</properties>
  <testcase name="findByMeasurmentPrice_FiltersCorrectYear" classname="consumption.energy.tests.ConsumptionServiceImplTest" time="0.049"/>
  <testcase name="findByMeasurmentPrice_ThrowsExceptionForInvalidPrice" classname="consumption.energy.tests.ConsumptionServiceImplTest" time="0.003"/>
</testsuite>